\BOOKMARK [1][-]{section.1}{\376\377\000I\000n\000t\000r\000o\000d\000u\000c\000c\000i\000\363\000n}{}% 1
\BOOKMARK [2][-]{subsection.1.1}{\376\377\000P\000r\000o\000b\000l\000e\000m\000\341\000t\000i\000c\000a}{section.1}% 2
\BOOKMARK [2][-]{subsection.1.2}{\376\377\000J\000u\000s\000t\000i\000f\000i\000c\000a\000c\000i\000\363\000n}{section.1}% 3
\BOOKMARK [2][-]{subsection.1.3}{\376\377\000A\000n\000t\000e\000c\000e\000d\000e\000n\000t\000e\000s}{section.1}% 4
\BOOKMARK [1][-]{section.2}{\376\377\000H\000i\000p\000\363\000t\000e\000s\000i\000s\000\040\000d\000e\000\040\000i\000n\000v\000e\000s\000t\000i\000g\000a\000c\000i\000\363\000n\000\040\000y\000\040\000o\000b\000j\000e\000t\000i\000v\000o\000s}{}% 5
\BOOKMARK [2][-]{subsection.2.1}{\376\377\000H\000i\000p\000\363\000t\000e\000s\000i\000s\000\040\000d\000e\000\040\000i\000n\000v\000e\000s\000t\000i\000g\000a\000c\000i\000\363\000n}{section.2}% 6
\BOOKMARK [2][-]{subsection.2.2}{\376\377\000O\000b\000j\000e\000t\000i\000v\000o\000s}{section.2}% 7
\BOOKMARK [1][-]{section.3}{\376\377\000M\000a\000r\000c\000o\000\040\000T\000e\000\363\000r\000i\000c\000o}{}% 8
\BOOKMARK [2][-]{subsection.3.1}{\376\377\000C\000e\000l\000d\000a\000s\000\040\000s\000o\000l\000a\000r\000e\000s\000\040\000s\000e\000n\000s\000i\000b\000i\000l\000i\000z\000a\000d\000a\000s\000\040\000p\000o\000r\000\040\000t\000i\000n\000t\000e\000s\000\040\000\050\000C\000S\000P\000T\000\051}{section.3}% 9
\BOOKMARK [3][-]{subsubsection.3.1.1}{\376\377\000C\000o\000m\000p\000o\000n\000e\000n\000t\000e\000s\000\040\000d\000e\000\040\000l\000a\000s\000\040\000C\000S\000P\000T}{subsection.3.1}% 10
\BOOKMARK [3][-]{subsubsection.3.1.2}{\376\377\000F\000u\000n\000c\000i\000o\000n\000a\000m\000i\000e\000n\000t\000o\000\040\000d\000e\000\040\000l\000a\000s\000\040\000C\000S\000P\000T}{subsection.3.1}% 11
\BOOKMARK [3][-]{subsubsection.3.1.3}{\376\377\000T\000i\000p\000o\000s\000\040\000d\000e\000\040\000s\000e\000n\000s\000i\000b\000i\000l\000i\000z\000a\000n\000t\000e\000s}{subsection.3.1}% 12
\BOOKMARK [2][-]{subsection.3.2}{\376\377\000C\000o\000l\000o\000r\000a\000n\000t\000e\000s\000\040\000n\000a\000t\000u\000r\000a\000l\000e\000s}{section.3}% 13
\BOOKMARK [3][-]{subsubsection.3.2.1}{\376\377\000C\000a\000r\000a\000c\000t\000e\000r\000\355\000s\000t\000i\000c\000a\000s\000\040\000f\000\355\000s\000i\000c\000a\000s\000\040\000y\000\040\000q\000u\000\355\000m\000i\000c\000a\000s}{subsection.3.2}% 14
\BOOKMARK [3][-]{subsubsection.3.2.2}{\376\377\000F\000a\000m\000i\000l\000i\000a\000s\000\040\000d\000e\000\040\000c\000o\000l\000o\000r\000a\000n\000t\000e\000s\000\040\000n\000a\000t\000u\000r\000a\000l\000e\000s\000\040\000u\000s\000a\000d\000o\000s\000\040\000c\000o\000m\000o\000\040\000s\000e\000n\000s\000i\000b\000i\000l\000i\000z\000a\000n\000t\000e\000s}{subsection.3.2}% 15
\BOOKMARK [2][-]{subsection.3.3}{\376\377\000E\000n\000f\000o\000q\000u\000e\000\040\000d\000e\000\040\000i\000n\000v\000e\000s\000t\000i\000g\000a\000c\000i\000\363\000n\000\040\000d\000i\000r\000e\000c\000c\000i\000o\000n\000a\000d\000o\000\040\000p\000o\000r\000\040\000d\000a\000t\000o\000s}{section.3}% 16
\BOOKMARK [3][-]{subsubsection.3.3.1}{\376\377\000T\000i\000p\000o\000s\000\040\000d\000e\000\040\000e\000n\000f\000o\000q\000u\000e\000s\000\040\000d\000e\000\040\000i\000n\000v\000e\000s\000t\000i\000g\000a\000c\000i\000\363\000n\000\040\000e\000n\000\040\000q\000u\000\355\000m\000i\000c\000a}{subsection.3.3}% 17
\BOOKMARK [3][-]{subsubsection.3.3.2}{\376\377\000T\000i\000p\000o\000s\000\040\000d\000e\000\040\000e\000s\000t\000r\000u\000c\000t\000u\000r\000a\000s\000\040\000d\000e\000\040\000d\000a\000t\000o\000s\000\040\000e\000n\000\040\000q\000u\000\355\000m\000i\000c\000a}{subsection.3.3}% 18
\BOOKMARK [3][-]{subsubsection.3.3.3}{\376\377\000E\000x\000t\000r\000a\000c\000c\000i\000\363\000n\000\040\000y\000\040\000p\000r\000e\000p\000r\000o\000c\000e\000s\000a\000m\000i\000e\000n\000t\000o\000\040\000d\000e\000\040\000d\000a\000t\000o\000s}{subsection.3.3}% 19
\BOOKMARK [3][-]{subsubsection.3.3.4}{\376\377\000T\000r\000a\000t\000a\000m\000i\000e\000n\000t\000o\000\040\000d\000e\000\040\000d\000a\000t\000o\000s}{subsection.3.3}% 20
\BOOKMARK [3][-]{subsubsection.3.3.5}{\376\377\000D\000e\000s\000c\000u\000b\000r\000i\000m\000i\000e\000n\000t\000o\000\040\000y\000\040\000a\000n\000\341\000l\000i\000s\000i\000s\000\040\000d\000e\000\040\000c\000a\000r\000a\000c\000t\000e\000r\000\355\000s\000t\000i\000c\000a\000s}{subsection.3.3}% 21
\BOOKMARK [3][-]{subsubsection.3.3.6}{\376\377\000E\000n\000t\000r\000e\000n\000a\000m\000i\000e\000n\000t\000o\000\040\000y\000\040\000e\000v\000a\000l\000u\000a\000c\000i\000\363\000n\000\040\000d\000e\000\040\000m\000o\000d\000e\000l\000o\000s}{subsection.3.3}% 22
\BOOKMARK [3][-]{subsubsection.3.3.7}{\376\377\000V\000a\000l\000i\000d\000a\000d\000o\000r\000e\000s\000\040\000e\000s\000t\000a\000d\000\355\000s\000t\000i\000c\000o\000s\000\040\000d\000e\000\040\000l\000o\000s\000\040\000m\000o\000d\000e\000l\000o\000s}{subsection.3.3}% 23
\BOOKMARK [2][-]{subsection.3.4}{\376\377\000M\000o\000d\000e\000l\000o\000s\000\040\000d\000e\000\040\000a\000p\000r\000e\000n\000d\000i\000z\000a\000j\000e\000\040\000a\000u\000t\000o\000m\000\341\000t\000i\000c\000o}{section.3}% 24
\BOOKMARK [3][-]{subsubsection.3.4.1}{\376\377\000N\000a\000t\000u\000r\000a\000l\000e\000z\000a\000\040\000d\000e\000\040\000l\000o\000s\000\040\000m\000o\000d\000e\000l\000o\000s\000\040\000d\000e\000\040\000a\000p\000r\000e\000n\000d\000i\000z\000a\000j\000e\000\040\000a\000u\000t\000o\000m\000\341\000t\000i\000c\000o}{subsection.3.4}% 25
\BOOKMARK [3][-]{subsubsection.3.4.2}{\376\377\000I\000n\000t\000e\000r\000p\000r\000e\000t\000a\000t\000i\000v\000i\000d\000a\000d\000\040\000d\000e\000\040\000l\000o\000s\000\040\000m\000o\000d\000e\000l\000o\000s\000\040\000d\000e\000\040\000a\000p\000r\000e\000n\000d\000i\000z\000a\000j\000e\000\040\000a\000u\000t\000o\000m\000\341\000t\000i\000c\000o}{subsection.3.4}% 26
\BOOKMARK [3][-]{subsubsection.3.4.3}{\376\377\000C\000l\000a\000s\000i\000f\000i\000c\000a\000d\000o\000r\000e\000s\000\040\000c\000l\000\341\000s\000i\000c\000o\000s}{subsection.3.4}% 27
\BOOKMARK [3][-]{subsubsection.3.4.4}{\376\377\000C\000l\000a\000s\000i\000f\000i\000c\000a\000d\000o\000r\000e\000s\000\040\000e\000n\000s\000a\000m\000b\000l\000a\000d\000o\000s}{subsection.3.4}% 28
\BOOKMARK [3][-]{subsubsection.3.4.5}{\376\377\000E\000v\000a\000l\000u\000a\000d\000o\000r\000e\000s\000\040\000d\000e\000\040\000l\000o\000s\000\040\000r\000e\000s\000u\000l\000t\000a\000d\000o\000s\000\040\000d\000e\000\040\000c\000l\000a\000s\000i\000f\000i\000c\000a\000c\000i\000\363\000n}{subsection.3.4}% 29
\BOOKMARK [1][-]{section.4}{\376\377\000M\000e\000t\000e\000r\000i\000a\000l\000e\000s\000\040\000y\000\040\000m\000\351\000t\000o\000d\000o\000s}{}% 30
\BOOKMARK [2][-]{subsubsection.4.0.1}{\376\377\000E\000x\000t\000r\000a\000c\000c\000i\000\363\000n\000\040\000d\000e\000\040\000d\000a\000t\000o\000s}{section.4}% 31
\BOOKMARK [3][-]{subsubsection.4.0.2}{\376\377\000P\000r\000e\000p\000r\000o\000c\000e\000s\000a\000m\000i\000e\000n\000t\000o\000\040\000d\000e\000\040\000d\000a\000t\000o\000s}{subsubsection.4.0.1}% 32
\BOOKMARK [3][-]{subsubsection.4.0.3}{\376\377\000D\000e\000s\000c\000u\000b\000r\000i\000m\000i\000e\000n\000t\000o\000\040\000y\000\040\000a\000n\000\341\000l\000i\000s\000i\000s\000\040\000d\000e\000\040\000c\000a\000r\000a\000c\000t\000e\000r\000\355\000s\000t\000i\000c\000a\000s}{subsubsection.4.0.1}% 33
\BOOKMARK [3][-]{subsubsection.4.0.4}{\376\377\000E\000n\000t\000r\000e\000n\000a\000m\000i\000e\000n\000t\000o\000\040\000y\000\040\000e\000v\000a\000l\000u\000a\000c\000i\000\363\000n\000\040\000d\000e\000l\000\040\000m\000o\000d\000e\000l\000o\000\040\0001}{subsubsection.4.0.1}% 34
\BOOKMARK [3][-]{subsubsection.4.0.5}{\376\377\000E\000n\000t\000r\000e\000n\000a\000m\000i\000e\000n\000t\000o\000\040\000y\000\040\000e\000v\000a\000l\000u\000a\000c\000i\000\363\000n\000\040\000d\000e\000l\000\040\000m\000o\000d\000e\000l\000o\000\040\0002}{subsubsection.4.0.1}% 35
\BOOKMARK [3][-]{subsubsection.4.0.6}{\376\377\000E\000n\000t\000r\000e\000n\000a\000m\000i\000e\000n\000t\000o\000\040\000y\000\040\000e\000v\000a\000l\000u\000a\000c\000i\000\363\000n\000\040\000d\000e\000l\000\040\000m\000o\000d\000e\000l\000o\000\040\0003}{subsubsection.4.0.1}% 36
\BOOKMARK [3][-]{subsubsection.4.0.7}{\376\377\000C\000o\000m\000p\000a\000r\000a\000c\000i\000\363\000n\000\040\000d\000e\000\040\000m\000o\000d\000e\000l\000o\000s}{subsubsection.4.0.1}% 37
\BOOKMARK [2][-]{subsection.4.1}{\376\377\000A\000n\000\341\000l\000i\000s\000i\000s\000\040\000e\000s\000t\000a\000d\000\355\000s\000t\000i\000c\000o}{section.4}% 38
\BOOKMARK [3][-]{subsubsection.4.1.1}{\376\377\000P\000r\000u\000e\000b\000a\000s\000\040\000d\000e\000\040\000n\000o\000r\000m\000a\000l\000i\000d\000a\000d}{subsection.4.1}% 39
\BOOKMARK [1][-]{section.5}{\376\377\000R\000e\000f\000e\000r\000e\000n\000c\000i\000a\000s\000\040\000b\000i\000b\000l\000i\000o\000g\000r\000\341\000f\000i\000c\000a\000s}{}% 40
\BOOKMARK [1][-]{section.6}{\376\377\000C\000r\000o\000n\000o\000g\000r\000a\000m\000a\000\040\000d\000e\000\040\000t\000r\000a\000b\000a\000j\000o}{}% 41
\BOOKMARK [1][-]{section.7}{\376\377\000P\000r\000e\000s\000u\000p\000u\000e\000s\000t\000o\000\040\000y\000\040\000f\000i\000n\000a\000n\000c\000i\000a\000m\000i\000e\000n\000t\000o}{}% 42
